{"total": {"lines":{"total":25,"covered":25,"skipped":0,"pct":100},"statements":{"total":31,"covered":31,"skipped":0,"pct":100},"functions":{"total":8,"covered":8,"skipped":0,"pct":100},"branches":{"total":25,"covered":25,"skipped":0,"pct":100},"branchesTrue":{"total":0,"covered":0,"skipped":0,"pct":100}}
,"/Users/craigdrayton/code/tdd-katas/src/feathers/app.mjs": {"lines":{"total":9,"covered":9,"skipped":0,"pct":100},"functions":{"total":3,"covered":3,"skipped":0,"pct":100},"statements":{"total":9,"covered":9,"skipped":0,"pct":100},"branches":{"total":6,"covered":6,"skipped":0,"pct":100}}
,"/Users/craigdrayton/code/tdd-katas/src/garora/RecentlyUsedList.js": {"lines":{"total":10,"covered":10,"skipped":0,"pct":100},"functions":{"total":3,"covered":3,"skipped":0,"pct":100},"statements":{"total":13,"covered":13,"skipped":0,"pct":100},"branches":{"total":11,"covered":11,"skipped":0,"pct":100}}
,"/Users/craigdrayton/code/tdd-katas/src/garora/fizzbuzz.js": {"lines":{"total":6,"covered":6,"skipped":0,"pct":100},"functions":{"total":2,"covered":2,"skipped":0,"pct":100},"statements":{"total":9,"covered":9,"skipped":0,"pct":100},"branches":{"total":8,"covered":8,"skipped":0,"pct":100}}
}
